<?xml version="1.0" encoding="UTF-8"?>
<testsuite name="design.pattern.abstractfactory.structure.ClientTests2" tests="2" skipped="0" failures="0" errors="0" timestamp="2017-05-27T06:24:46" hostname="DESKTOP-9KQ7U3T" time="0.015">
  <properties/>
  <testcase name="createProductA ok" classname="design.pattern.abstractfactory.structure.ClientTests2" time="0.004"/>
  <testcase name="createProductB ok" classname="design.pattern.abstractfactory.structure.ClientTests2" time="0.011"/>
  <system-out><![CDATA[]]></system-out>
  <system-err><![CDATA[]]></system-err>
</testsuite>
