<?xml version="1.0" encoding="UTF-8"?>
<testsuite name="design.pattern.composite.sample.ClientTests" tests="1" skipped="0" failures="0" errors="0" timestamp="2017-05-27T06:24:47" hostname="DESKTOP-9KQ7U3T" time="0.098">
  <properties/>
  <testcase name="makeEquipment ok" classname="design.pattern.composite.sample.ClientTests" time="0.098"/>
  <system-out><![CDATA[]]></system-out>
  <system-err><![CDATA[]]></system-err>
</testsuite>
