<?xml version="1.0" encoding="UTF-8"?>
<testsuite name="design.pattern.singleton.sample.StructuresTests" tests="3" skipped="0" failures="0" errors="0" timestamp="2017-05-27T06:24:47" hostname="DESKTOP-9KQ7U3T" time="0.054">
  <properties/>
  <testcase name="map assignment ok" classname="design.pattern.singleton.sample.StructuresTests" time="0.002"/>
  <testcase name="getColorRGB ok" classname="design.pattern.singleton.sample.StructuresTests" time="0.051"/>
  <testcase name="getColorFromString ok" classname="design.pattern.singleton.sample.StructuresTests" time="0.0"/>
  <system-out><![CDATA[]]></system-out>
  <system-err><![CDATA[]]></system-err>
</testsuite>
