<?xml version="1.0" encoding="UTF-8"?>
<testsuite name="design.pattern.singleton.structure.SingletonTests" tests="2" skipped="0" failures="0" errors="0" timestamp="2017-05-27T06:24:47" hostname="DESKTOP-9KQ7U3T" time="0.007">
  <properties/>
  <testcase name="operation1 ok" classname="design.pattern.singleton.structure.SingletonTests" time="0.006"/>
  <testcase name="operation2 ok" classname="design.pattern.singleton.structure.SingletonTests" time="0.0"/>
  <system-out><![CDATA[]]></system-out>
  <system-err><![CDATA[]]></system-err>
</testsuite>
