<?xml version="1.0" encoding="UTF-8"?>
<testsuite name="design.pattern.builder.structure.DirectorTest" tests="2" skipped="0" failures="0" errors="0" timestamp="2017-05-27T06:24:47" hostname="DESKTOP-9KQ7U3T" time="0.006">
  <properties/>
  <testcase name="before construct ok" classname="design.pattern.builder.structure.DirectorTest" time="0.001"/>
  <testcase name="after construct ok" classname="design.pattern.builder.structure.DirectorTest" time="0.005"/>
  <system-out><![CDATA[]]></system-out>
  <system-err><![CDATA[]]></system-err>
</testsuite>
