<?xml version="1.0" encoding="UTF-8"?>
<testsuite name="design.pattern.abstractfactory.sample.MazeGameTests_Bombed" tests="1" skipped="0" failures="0" errors="0" timestamp="2017-05-27T06:24:46" hostname="DESKTOP-9KQ7U3T" time="0.096">
  <properties/>
  <testcase name="bombed maze ok" classname="design.pattern.abstractfactory.sample.MazeGameTests_Bombed" time="0.096"/>
  <system-out><![CDATA[]]></system-out>
  <system-err><![CDATA[]]></system-err>
</testsuite>
