<?xml version="1.0" encoding="UTF-8"?>
<testsuite name="design.pattern.prototype.sample.MazeGameTests" tests="1" skipped="0" failures="0" errors="0" timestamp="2017-05-27T06:24:47" hostname="DESKTOP-9KQ7U3T" time="0.08">
  <properties/>
  <testcase name="createMaze ok" classname="design.pattern.prototype.sample.MazeGameTests" time="0.08"/>
  <system-out><![CDATA[]]></system-out>
  <system-err><![CDATA[]]></system-err>
</testsuite>
